<?xml version="1.0" encoding="UTF-8"?>
<testng-results ignored="0" total="1" passed="1" failed="0" skipped="0">
  <reporter-output>
  </reporter-output>
  <suite started-at="2022-10-09T20:38:07 BDT" name="Default suite" finished-at="2022-10-09T20:39:23 BDT" duration-ms="76351">
    <groups>
    </groups>
    <test started-at="2022-10-09T20:38:07 BDT" name="Default test" finished-at="2022-10-09T20:39:23 BDT" duration-ms="76351">
      <class name="tests.AccountCreate">
        <test-method is-config="true" signature="start()[pri:0, instance:tests.AccountCreate@5f9edf14]" started-at="2022-10-09T20:38:05 BDT" name="start" finished-at="2022-10-09T20:38:07 BDT" duration-ms="2375" status="PASS">
          <reporter-output>
          </reporter-output>
        </test-method> <!-- start -->
        <test-method is-config="true" signature="startUrl()[pri:0, instance:tests.AccountCreate@5f9edf14]" started-at="2022-10-09T20:38:07 BDT" name="startUrl" finished-at="2022-10-09T20:38:19 BDT" duration-ms="11826" status="PASS">
          <reporter-output>
          </reporter-output>
        </test-method> <!-- startUrl -->
        <test-method signature="createAnAccount()[pri:0, instance:tests.AccountCreate@5f9edf14]" started-at="2022-10-09T20:38:19 BDT" name="createAnAccount" finished-at="2022-10-09T20:39:23 BDT" duration-ms="64477" status="PASS">
          <reporter-output>
          </reporter-output>
        </test-method> <!-- createAnAccount -->
        <test-method is-config="true" signature="close()[pri:0, instance:tests.AccountCreate@5f9edf14]" started-at="2022-10-09T20:39:23 BDT" name="close" finished-at="2022-10-09T20:39:24 BDT" duration-ms="638" status="PASS">
          <reporter-output>
          </reporter-output>
        </test-method> <!-- close -->
      </class> <!-- tests.AccountCreate -->
    </test> <!-- Default test -->
  </suite> <!-- Default suite -->
</testng-results>
