<?xml version="1.0" encoding="UTF-8"?>
<testng-results ignored="2" total="4" passed="2" failed="0" skipped="0">
  <reporter-output>
  </reporter-output>
  <suite started-at="2022-10-11T22:47:23 BDT" name="Suite" finished-at="2022-10-11T22:48:26 BDT" duration-ms="62703">
    <groups>
    </groups>
    <test started-at="2022-10-11T22:47:23 BDT" name="Test" finished-at="2022-10-11T22:48:26 BDT" duration-ms="62703">
      <class name="tests.AccountCreate">
        <test-method is-config="true" signature="start()[pri:0, instance:tests.AccountCreate@41488b16]" started-at="2022-10-11T22:47:21 BDT" name="start" finished-at="2022-10-11T22:47:23 BDT" duration-ms="2207" status="PASS">
          <reporter-output>
          </reporter-output>
        </test-method> <!-- start -->
        <test-method is-config="true" signature="startUrl()[pri:0, instance:tests.AccountCreate@41488b16]" started-at="2022-10-11T22:47:23 BDT" name="startUrl" finished-at="2022-10-11T22:47:33 BDT" duration-ms="10592" status="PASS">
          <reporter-output>
          </reporter-output>
        </test-method> <!-- startUrl -->
        <test-method signature="createAnAccount()[pri:0, instance:tests.AccountCreate@41488b16]" started-at="2022-10-11T22:47:33 BDT" name="createAnAccount" finished-at="2022-10-11T22:47:50 BDT" duration-ms="16651" status="PASS">
          <reporter-output>
          </reporter-output>
        </test-method> <!-- createAnAccount -->
        <test-method is-config="true" signature="afterClass()[pri:0, instance:tests.AccountCreate@41488b16]" started-at="2022-10-11T22:47:50 BDT" name="afterClass" finished-at="2022-10-11T22:47:51 BDT" duration-ms="443" status="PASS">
          <reporter-output>
          </reporter-output>
        </test-method> <!-- afterClass -->
        <test-method is-config="true" signature="close()[pri:0, instance:tests.AccountCreate@41488b16]" started-at="2022-10-11T22:48:26 BDT" name="close" finished-at="2022-10-11T22:48:26 BDT" duration-ms="712" status="PASS">
          <reporter-output>
          </reporter-output>
        </test-method> <!-- close -->
      </class> <!-- tests.AccountCreate -->
      <class name="tests.AccountDetailsInformation">
        <test-method is-config="true" signature="startUrl()[pri:0, instance:tests.AccountDetailsInformation@2c78324b]" started-at="2022-10-11T22:47:51 BDT" name="startUrl" finished-at="2022-10-11T22:47:51 BDT" duration-ms="7" status="PASS">
          <reporter-output>
          </reporter-output>
        </test-method> <!-- startUrl -->
        <test-method signature="accountDetails()[pri:0, instance:tests.AccountDetailsInformation@2c78324b]" started-at="2022-10-11T22:47:51 BDT" name="accountDetails" finished-at="2022-10-11T22:48:25 BDT" duration-ms="34857" status="PASS">
          <reporter-output>
          </reporter-output>
        </test-method> <!-- accountDetails -->
        <test-method is-config="true" signature="afterClass()[pri:0, instance:tests.AccountDetailsInformation@2c78324b]" started-at="2022-10-11T22:48:25 BDT" name="afterClass" finished-at="2022-10-11T22:48:26 BDT" duration-ms="115" status="PASS">
          <reporter-output>
          </reporter-output>
        </test-method> <!-- afterClass -->
      </class> <!-- tests.AccountDetailsInformation -->
    </test> <!-- Test -->
  </suite> <!-- Suite -->
</testng-results>
